<?xml version="1.0" encoding="UTF-8"?>
<!-- Generated by org.testng.reporters.JUnitXMLReporter -->
<testsuite ignored="0" hostname="DESKTOP-JPO1NOA" failures="2" tests="8" name="CRUD_Test" time="10.815" errors="0" timestamp="2024-11-10T23:32:29 PST">
  <testcase classname="com.github.testcases.GitHubAPITest" name="test_creatingRepoWithExistingName" time="5.547"/>
  <testcase classname="com.github.testcases.GitHubAPITest" name="test_deleteNonExistingRepo" time="0.553"/>
  <testcase classname="com.github.testcases.GitHubAPITest" name="test_getAllRepositories" time="0.578"/>
  <testcase classname="com.github.testcases.GitHubAPITest" name="test_getNonExistingRespository" time="0.323"/>
  <testcase classname="com.github.testcases.GitHubAPITest" name="test_getSingleRepository" time="0.394">
    <failure type="java.lang.AssertionError" message="Schema validation failed due to :: #: 94 schema violations found">
      <![CDATA[java.lang.AssertionError: Schema validation failed due to :: #: 94 schema violations found
at com.github.utilities.JsonSchemaValidate.validateSchema(JsonSchemaValidate.java:28)
at com.github.testcases.GitHubAPITest.test_getSingleRepository(GitHubAPITest.java:66)
at java.base/java.util.ArrayList.forEach(ArrayList.java:1511)
... Removed 28 stack frames]]>
    </failure>
  </testcase> <!-- test_getSingleRepository -->
  <testcase classname="com.github.testcases.GitHubAPITest" name="test_creatingRepository" time="1.347"/>
  <testcase classname="com.github.testcases.GitHubAPITest" name="test_updateRepository" time="0.713">
    <failure type="java.lang.AssertionError" message="Status mismatch expected [200] but found [422]">
      <![CDATA[java.lang.AssertionError: Status mismatch expected [200] but found [422]
at com.github.testcases.GitHubAPITest.test_updateRepository(GitHubAPITest.java:176)
at java.base/java.util.ArrayList.forEach(ArrayList.java:1511)
... Removed 33 stack frames]]>
    </failure>
  </testcase> <!-- test_updateRepository -->
  <testcase classname="com.github.testcases.GitHubAPITest" name="test_deleteRepo" time="0.0">
    <skipped/>
  </testcase> <!-- test_deleteRepo -->
</testsuite> <!-- CRUD_Test -->
